2026-02-04T05:00:59: Error cleaning up news: TypeError: WebAssembly.Instance(): Import #0 "./query_compiler_bg.js": module is not an object or function
    at ignore-listed frames {
  clientVersion: '7.2.0'
}
2026-02-04T06:09:10: Error creating news: TypeError: WebAssembly.Instance(): Import #0 "./query_compiler_bg.js": module is not an object or function
    at ignore-listed frames {
  clientVersion: '7.2.0'
}
2026-02-04T06:09:10: Error creating news: TypeError: WebAssembly.Instance(): Import #0 "./query_compiler_bg.js": module is not an object or function
    at ignore-listed frames {
  clientVersion: '7.2.0'
}
2026-02-04T06:09:10: Error creating news: TypeError: WebAssembly.Instance(): Import #0 "./query_compiler_bg.js": module is not an object or function
    at ignore-listed frames {
  clientVersion: '7.2.0'
}
2026-02-04T06:09:10: Error creating news: TypeError: WebAssembly.Instance(): Import #0 "./query_compiler_bg.js": module is not an object or function
    at ignore-listed frames {
  clientVersion: '7.2.0'
}
2026-02-04T06:09:10: Error creating news: TypeError: WebAssembly.Instance(): Import #0 "./query_compiler_bg.js": module is not an object or function
    at ignore-listed frames {
  clientVersion: '7.2.0'
}
2026-02-04T06:09:10: Error creating news: TypeError: WebAssembly.Instance(): Import #0 "./query_compiler_bg.js": module is not an object or function
    at ignore-listed frames {
  clientVersion: '7.2.0'
}
2026-02-04T06:09:10: Error creating news: TypeError: WebAssembly.Instance(): Import #0 "./query_compiler_bg.js": module is not an object or function
    at ignore-listed frames {
  clientVersion: '7.2.0'
}
2026-02-04T06:09:10: Error creating news: TypeError: WebAssembly.Instance(): Import #0 "./query_compiler_bg.js": module is not an object or function
    at ignore-listed frames {
  clientVersion: '7.2.0'
}
2026-02-04T06:09:10: Error creating news: TypeError: WebAssembly.Instance(): Import #0 "./query_compiler_bg.js": module is not an object or function
    at ignore-listed frames {
  clientVersion: '7.2.0'
}
2026-02-04T06:09:10: Error creating news: TypeError: WebAssembly.Instance(): Import #0 "./query_compiler_bg.js": module is not an object or function
    at ignore-listed frames {
  clientVersion: '7.2.0'
}
2026-02-04T06:09:10: Error creating news: TypeError: WebAssembly.Instance(): Import #0 "./query_compiler_bg.js": module is not an object or function
    at ignore-listed frames {
  clientVersion: '7.2.0'
}
2026-02-04T06:09:10: Error creating news: TypeError: WebAssembly.Instance(): Import #0 "./query_compiler_bg.js": module is not an object or function
    at ignore-listed frames {
  clientVersion: '7.2.0'
}
2026-02-04T06:09:10: Error creating news: TypeError: WebAssembly.Instance(): Import #0 "./query_compiler_bg.js": module is not an object or function
    at ignore-listed frames {
  clientVersion: '7.2.0'
}
2026-02-04T06:09:10: Error creating news: TypeError: WebAssembly.Instance(): Import #0 "./query_compiler_bg.js": module is not an object or function
    at ignore-listed frames {
  clientVersion: '7.2.0'
}
2026-02-04T06:09:10: Error creating news: TypeError: WebAssembly.Instance(): Import #0 "./query_compiler_bg.js": module is not an object or function
    at ignore-listed frames {
  clientVersion: '7.2.0'
}
2026-02-04T06:09:10: Error creating news: TypeError: WebAssembly.Instance(): Import #0 "./query_compiler_bg.js": module is not an object or function
    at ignore-listed frames {
  clientVersion: '7.2.0'
}
2026-02-04T06:09:10: Error creating news: TypeError: WebAssembly.Instance(): Import #0 "./query_compiler_bg.js": module is not an object or function
    at ignore-listed frames {
  clientVersion: '7.2.0'
}
2026-02-04T06:09:10: Error creating news: TypeError: WebAssembly.Instance(): Import #0 "./query_compiler_bg.js": module is not an object or function
    at ignore-listed frames {
  clientVersion: '7.2.0'
}
2026-02-04T06:09:10: Error creating news: TypeError: WebAssembly.Instance(): Import #0 "./query_compiler_bg.js": module is not an object or function
    at ignore-listed frames {
  clientVersion: '7.2.0'
}
2026-02-04T06:09:10: Error creating news: TypeError: WebAssembly.Instance(): Import #0 "./query_compiler_bg.js": module is not an object or function
    at ignore-listed frames {
  clientVersion: '7.2.0'
}
2026-02-04T06:09:10: Error creating news: TypeError: WebAssembly.Instance(): Import #0 "./query_compiler_bg.js": module is not an object or function
    at ignore-listed frames {
  clientVersion: '7.2.0'
}
2026-02-04T06:09:10: Error creating news: TypeError: WebAssembly.Instance(): Import #0 "./query_compiler_bg.js": module is not an object or function
    at ignore-listed frames {
  clientVersion: '7.2.0'
}
2026-02-04T06:09:10: Error creating news: TypeError: WebAssembly.Instance(): Import #0 "./query_compiler_bg.js": module is not an object or function
    at ignore-listed frames {
  clientVersion: '7.2.0'
}
2026-02-04T06:09:10: Error creating news: TypeError: WebAssembly.Instance(): Import #0 "./query_compiler_bg.js": module is not an object or function
    at ignore-listed frames {
  clientVersion: '7.2.0'
}
2026-02-04T06:09:10: Error creating news: TypeError: WebAssembly.Instance(): Import #0 "./query_compiler_bg.js": module is not an object or function
    at ignore-listed frames {
  clientVersion: '7.2.0'
}
2026-02-04T06:09:10: Error creating news: TypeError: WebAssembly.Instance(): Import #0 "./query_compiler_bg.js": module is not an object or function
    at ignore-listed frames {
  clientVersion: '7.2.0'
}
2026-02-04T06:09:10: Error creating news: TypeError: WebAssembly.Instance(): Import #0 "./query_compiler_bg.js": module is not an object or function
    at ignore-listed frames {
  clientVersion: '7.2.0'
}
2026-02-04T06:09:11: Error creating news: TypeError: WebAssembly.Instance(): Import #0 "./query_compiler_bg.js": module is not an object or function
    at ignore-listed frames {
  clientVersion: '7.2.0'
}
2026-02-04T06:09:11: Error creating news: TypeError: WebAssembly.Instance(): Import #0 "./query_compiler_bg.js": module is not an object or function
    at ignore-listed frames {
  clientVersion: '7.2.0'
}
2026-02-04T06:09:11: Error creating news: TypeError: WebAssembly.Instance(): Import #0 "./query_compiler_bg.js": module is not an object or function
    at ignore-listed frames {
  clientVersion: '7.2.0'
}
2026-02-04T06:09:11: Error creating news: TypeError: WebAssembly.Instance(): Import #0 "./query_compiler_bg.js": module is not an object or function
    at ignore-listed frames {
  clientVersion: '7.2.0'
}
2026-02-04T06:09:11: Error creating news: TypeError: WebAssembly.Instance(): Import #0 "./query_compiler_bg.js": module is not an object or function
    at ignore-listed frames {
  clientVersion: '7.2.0'
}
2026-02-04T06:09:11: Error creating news: TypeError: WebAssembly.Instance(): Import #0 "./query_compiler_bg.js": module is not an object or function
    at ignore-listed frames {
  clientVersion: '7.2.0'
}
2026-02-04T06:09:11: Error creating news: TypeError: WebAssembly.Instance(): Import #0 "./query_compiler_bg.js": module is not an object or function
    at ignore-listed frames {
  clientVersion: '7.2.0'
}
2026-02-04T06:09:11: Error creating news: TypeError: WebAssembly.Instance(): Import #0 "./query_compiler_bg.js": module is not an object or function
    at ignore-listed frames {
  clientVersion: '7.2.0'
}
2026-02-04T06:09:11: Error creating news: TypeError: WebAssembly.Instance(): Import #0 "./query_compiler_bg.js": module is not an object or function
    at ignore-listed frames {
  clientVersion: '7.2.0'
}
2026-02-04T06:09:11: Error creating news: TypeError: WebAssembly.Instance(): Import #0 "./query_compiler_bg.js": module is not an object or function
    at ignore-listed frames {
  clientVersion: '7.2.0'
}
2026-02-04T06:09:11: Error creating news: TypeError: WebAssembly.Instance(): Import #0 "./query_compiler_bg.js": module is not an object or function
    at ignore-listed frames {
  clientVersion: '7.2.0'
}
2026-02-04T06:09:11: Error creating news: TypeError: WebAssembly.Instance(): Import #0 "./query_compiler_bg.js": module is not an object or function
    at ignore-listed frames {
  clientVersion: '7.2.0'
}
2026-02-04T06:09:11: Error creating news: TypeError: WebAssembly.Instance(): Import #0 "./query_compiler_bg.js": module is not an object or function
    at ignore-listed frames {
  clientVersion: '7.2.0'
}
2026-02-04T06:09:11: Error creating news: TypeError: WebAssembly.Instance(): Import #0 "./query_compiler_bg.js": module is not an object or function
    at ignore-listed frames {
  clientVersion: '7.2.0'
}
2026-02-04T06:09:11: Error creating news: TypeError: WebAssembly.Instance(): Import #0 "./query_compiler_bg.js": module is not an object or function
    at ignore-listed frames {
  clientVersion: '7.2.0'
}
2026-02-04T06:09:11: Error creating news: TypeError: WebAssembly.Instance(): Import #0 "./query_compiler_bg.js": module is not an object or function
    at ignore-listed frames {
  clientVersion: '7.2.0'
}
2026-02-04T06:09:11: Error creating news: TypeError: WebAssembly.Instance(): Import #0 "./query_compiler_bg.js": module is not an object or function
    at ignore-listed frames {
  clientVersion: '7.2.0'
}
2026-02-04T06:09:11: Error creating news: TypeError: WebAssembly.Instance(): Import #0 "./query_compiler_bg.js": module is not an object or function
    at ignore-listed frames {
  clientVersion: '7.2.0'
}
2026-02-04T06:09:11: Error creating news: TypeError: WebAssembly.Instance(): Import #0 "./query_compiler_bg.js": module is not an object or function
    at ignore-listed frames {
  clientVersion: '7.2.0'
}
2026-02-04T06:09:11: Error creating news: TypeError: WebAssembly.Instance(): Import #0 "./query_compiler_bg.js": module is not an object or function
    at ignore-listed frames {
  clientVersion: '7.2.0'
}
2026-02-04T06:09:11: Error creating news: TypeError: WebAssembly.Instance(): Import #0 "./query_compiler_bg.js": module is not an object or function
    at ignore-listed frames {
  clientVersion: '7.2.0'
}
2026-02-04T06:09:11: Error creating news: TypeError: WebAssembly.Instance(): Import #0 "./query_compiler_bg.js": module is not an object or function
    at ignore-listed frames {
  clientVersion: '7.2.0'
}
2026-02-04T11:00:58: Error cleaning up news: TypeError: WebAssembly.Instance(): Import #0 "./query_compiler_bg.js": module is not an object or function
    at ignore-listed frames {
  clientVersion: '7.2.0'
}
