2025-12-11T12:28:00:    ▲ Next.js 16.0.6
2025-12-11T12:28:00:    - Local:         http://localhost:3025
2025-12-11T12:28:00:    - Network:       http://193.203.190.63:3025
2025-12-11T12:28:00: 
2025-12-11T12:28:00:  ✓ Starting...
2025-12-11T12:28:45:  ✓ Ready in 134.3s
2025-12-11T14:24:29:    ▲ Next.js 16.0.6
2025-12-11T14:24:29:    - Local:         http://localhost:3025
2025-12-11T14:24:29:    - Network:       http://193.203.190.63:3025
2025-12-11T14:24:29: 
2025-12-11T14:24:29:  ✓ Starting...
2025-12-11T14:24:30:  ✓ Ready in 713ms
2025-12-11T14:28:55:    ▲ Next.js 16.0.8
2025-12-11T14:28:55:    - Local:         http://localhost:3025
2025-12-11T14:28:55:    - Network:       http://193.203.190.63:3025
2025-12-11T14:28:55: 
2025-12-11T14:28:55:  ✓ Starting...
2025-12-11T14:28:56:  ✓ Ready in 629ms
2025-12-11T17:52:30:    ▲ Next.js 16.0.8
2025-12-11T17:52:30:    - Local:         http://localhost:3025
2025-12-11T17:52:30:    - Network:       http://193.203.190.63:3025
2025-12-11T17:52:30: 
2025-12-11T17:52:30:  ✓ Starting...
2025-12-11T17:52:32:  ✓ Ready in 3.8s
2025-12-11T17:57:03:    ▲ Next.js 16.0.8
2025-12-11T17:57:03:    - Local:         http://localhost:3025
2025-12-11T17:57:03:    - Network:       http://193.203.190.63:3025
2025-12-11T17:57:03: 
2025-12-11T17:57:03:  ✓ Starting...
2025-12-11T17:57:04:  ✓ Ready in 1577ms
2025-12-11T17:57:24:    ▲ Next.js 16.0.8
2025-12-11T17:57:24:    - Local:         http://localhost:3025
2025-12-11T17:57:24:    - Network:       http://193.203.190.63:3025
2025-12-11T17:57:24: 
2025-12-11T17:57:24:  ✓ Starting...
2025-12-11T17:57:25:  ✓ Ready in 1604ms
