2025-12-05T00:32:07: [DEDUP] Duplicate link skipped: https://www.ilsole24ore.com/art/linkedin-l-intelligenza-artificiale-spinge-lavoratori-diventare-imprenditori-AI67brD  
2025-12-05T00:32:07: [DEDUP] Duplicate link skipped: https://www.ilsole24ore.com/art/linkedin-l-intelligenza-artificiale-spinge-lavoratori-diventare-imprenditori-AI67brD  
2025-12-05T00:32:07: [DEDUP] Duplicate link skipped: https://www.ilsole24ore.com/art/linkedin-l-intelligenza-artificiale-spinge-lavoratori-diventare-imprenditori-AI67brD  
2025-12-05T00:32:07: [DEDUP] Duplicate link skipped: https://www.ilsole24ore.com/art/linkedin-l-intelligenza-artificiale-spinge-lavoratori-diventare-imprenditori-AI67brD  
2025-12-05T00:32:07: [DEDUP] Duplicate link skipped: https://www.ilsole24ore.com/art/linkedin-l-intelligenza-artificiale-spinge-lavoratori-diventare-imprenditori-AI67brD  
2025-12-05T00:32:07: [DEDUP] Duplicate link skipped: https://www.ilsole24ore.com/art/linkedin-l-intelligenza-artificiale-spinge-lavoratori-diventare-imprenditori-AI67brD  
2025-12-05T00:32:07: [DEDUP] Duplicate link skipped: https://www.ilsole24ore.com/art/linkedin-l-intelligenza-artificiale-spinge-lavoratori-diventare-imprenditori-AI67brD  
2025-12-05T00:32:07: [DEDUP] Duplicate link skipped: https://www.ilsole24ore.com/art/linkedin-l-intelligenza-artificiale-spinge-lavoratori-diventare-imprenditori-AI67brD  
2025-12-05T00:32:07: [DEDUP] Duplicate link skipped: https://www.ilsole24ore.com/art/linkedin-l-intelligenza-artificiale-spinge-lavoratori-diventare-imprenditori-AI67brD  
2025-12-05T00:32:07: [DEDUP] Duplicate link skipped: https://www.ilsole24ore.com/art/linkedin-l-intelligenza-artificiale-spinge-lavoratori-diventare-imprenditori-AI67brD  
2025-12-05T00:32:07: [DEDUP] Duplicate link skipped: https://www.ilsole24ore.com/art/linkedin-l-intelligenza-artificiale-spinge-lavoratori-diventare-imprenditori-AI67brD  
2025-12-05T00:32:07: [DEDUP] Duplicate link skipped: https://www.ilsole24ore.com/art/linkedin-l-intelligenza-artificiale-spinge-lavoratori-diventare-imprenditori-AI67brD  
2025-12-05T00:32:07: [DEDUP] Duplicate link skipped: https://www.ilsole24ore.com/art/linkedin-l-intelligenza-artificiale-spinge-lavoratori-diventare-imprenditori-AI67brD  
2025-12-05T00:32:07: [DEDUP] Duplicate link skipped: https://www.ilsole24ore.com/art/linkedin-l-intelligenza-artificiale-spinge-lavoratori-diventare-imprenditori-AI67brD  
2025-12-05T00:32:07: [DEDUP] Duplicate link skipped: https://www.ilsole24ore.com/art/linkedin-l-intelligenza-artificiale-spinge-lavoratori-diventare-imprenditori-AI67brD  
2025-12-05T00:32:07: [DEDUP] Duplicate link skipped: https://www.ilsole24ore.com/art/linkedin-l-intelligenza-artificiale-spinge-lavoratori-diventare-imprenditori-AI67brD  
2025-12-05T00:32:07: [DEDUP] Duplicate link skipped: https://www.ilsole24ore.com/art/linkedin-l-intelligenza-artificiale-spinge-lavoratori-diventare-imprenditori-AI67brD  
2025-12-05T00:32:07: [DEDUP] Duplicate link skipped: https://www.ilsole24ore.com/art/linkedin-l-intelligenza-artificiale-spinge-lavoratori-diventare-imprenditori-AI67brD  
2025-12-05T00:32:07: [DEDUP] Duplicate link skipped: https://www.ilsole24ore.com/art/linkedin-l-intelligenza-artificiale-spinge-lavoratori-diventare-imprenditori-AI67brD  
2025-12-05T00:32:07: [DEDUP] Duplicate link skipped: https://www.ilsole24ore.com/art/linkedin-l-intelligenza-artificiale-spinge-lavoratori-diventare-imprenditori-AI67brD  
2025-12-05T00:32:07: [DEDUP] Duplicate link skipped: https://www.ilsole24ore.com/art/linkedin-l-intelligenza-artificiale-spinge-lavoratori-diventare-imprenditori-AI67brD  
2025-12-05T00:32:07: [DEDUP] Duplicate link skipped: https://www.ilsole24ore.com/art/linkedin-l-intelligenza-artificiale-spinge-lavoratori-diventare-imprenditori-AI67brD  
2025-12-05T00:32:07: [DEDUP] Duplicate link skipped: https://www.ilsole24ore.com/art/linkedin-l-intelligenza-artificiale-spinge-lavoratori-diventare-imprenditori-AI67brD  
2025-12-05T00:32:07: [DEDUP] Duplicate link skipped: https://www.ilsole24ore.com/art/linkedin-l-intelligenza-artificiale-spinge-lavoratori-diventare-imprenditori-AI67brD  
2025-12-05T00:32:07: [DEDUP] Duplicate link skipped: https://www.ilsole24ore.com/art/linkedin-l-intelligenza-artificiale-spinge-lavoratori-diventare-imprenditori-AI67brD  
2025-12-05T00:32:07: [DEDUP] Duplicate link skipped: https://www.ilsole24ore.com/art/linkedin-l-intelligenza-artificiale-spinge-lavoratori-diventare-imprenditori-AI67brD  
2025-12-05T00:32:07: [DEDUP] Duplicate link skipped: https://www.ilsole24ore.com/art/linkedin-l-intelligenza-artificiale-spinge-lavoratori-diventare-imprenditori-AI67brD  
2025-12-05T00:32:07: [DEDUP] Duplicate link skipped: https://www.ilsole24ore.com/art/linkedin-l-intelligenza-artificiale-spinge-lavoratori-diventare-imprenditori-AI67brD  
2025-12-05T00:32:07: [DEDUP] Duplicate link skipped: https://www.ilsole24ore.com/art/linkedin-l-intelligenza-artificiale-spinge-lavoratori-diventare-imprenditori-AI67brD  
2025-12-05T00:32:07: [DEDUP] Duplicate link skipped: https://www.ilsole24ore.com/art/linkedin-l-intelligenza-artificiale-spinge-lavoratori-diventare-imprenditori-AI67brD  
2025-12-05T00:32:07: [DEDUP] Duplicate link skipped: https://www.ilsole24ore.com/art/linkedin-l-intelligenza-artificiale-spinge-lavoratori-diventare-imprenditori-AI67brD  
2025-12-05T00:32:07: [DEDUP] Duplicate link skipped: https://www.ilsole24ore.com/art/linkedin-l-intelligenza-artificiale-spinge-lavoratori-diventare-imprenditori-AI67brD  
2025-12-05T00:32:07: [DEDUP] Duplicate link skipped: https://www.ilsole24ore.com/art/linkedin-l-intelligenza-artificiale-spinge-lavoratori-diventare-imprenditori-AI67brD  
2025-12-05T00:32:07: [DEDUP] Duplicate link skipped: https://www.ilsole24ore.com/art/linkedin-l-intelligenza-artificiale-spinge-lavoratori-diventare-imprenditori-AI67brD  
2025-12-05T00:32:07: [DEDUP] Duplicate link skipped: https://www.ilsole24ore.com/art/linkedin-l-intelligenza-artificiale-spinge-lavoratori-diventare-imprenditori-AI67brD  
2025-12-05T00:32:07: [DEDUP] Duplicate link skipped: https://www.ilsole24ore.com/art/linkedin-l-intelligenza-artificiale-spinge-lavoratori-diventare-imprenditori-AI67brD  
2025-12-05T00:32:07: [DEDUP] Duplicate link skipped: https://www.ilsole24ore.com/art/linkedin-l-intelligenza-artificiale-spinge-lavoratori-diventare-imprenditori-AI67brD  
2025-12-05T00:32:07: [DEDUP] Duplicate link skipped: https://www.ilsole24ore.com/art/linkedin-l-intelligenza-artificiale-spinge-lavoratori-diventare-imprenditori-AI67brD  
2025-12-05T00:32:07: [DEDUP] Duplicate link skipped: https://www.ilsole24ore.com/art/linkedin-l-intelligenza-artificiale-spinge-lavoratori-diventare-imprenditori-AI67brD  
2025-12-05T00:32:07: [DEDUP] Duplicate link skipped: https://www.ilsole24ore.com/art/linkedin-l-intelligenza-artificiale-spinge-lavoratori-diventare-imprenditori-AI67brD  
2025-12-05T00:32:08: [DEDUP] Duplicate link skipped: https://www.ilsole24ore.com/art/linkedin-l-intelligenza-artificiale-spinge-lavoratori-diventare-imprenditori-AI67brD  
2025-12-05T00:32:08: [DEDUP] Duplicate link skipped: https://www.ilsole24ore.com/art/linkedin-l-intelligenza-artificiale-spinge-lavoratori-diventare-imprenditori-AI67brD  
2025-12-05T00:32:08: [DEDUP] Duplicate link skipped: https://www.ilsole24ore.com/art/linkedin-l-intelligenza-artificiale-spinge-lavoratori-diventare-imprenditori-AI67brD  
2025-12-05T00:32:08: [DEDUP] Duplicate link skipped: https://www.ilsole24ore.com/art/linkedin-l-intelligenza-artificiale-spinge-lavoratori-diventare-imprenditori-AI67brD  
2025-12-05T00:32:08: [DEDUP] Duplicate link skipped: https://www.ilsole24ore.com/art/linkedin-l-intelligenza-artificiale-spinge-lavoratori-diventare-imprenditori-AI67brD  
2025-12-05T00:32:08: [DEDUP] Duplicate link skipped: https://www.ilsole24ore.com/art/linkedin-l-intelligenza-artificiale-spinge-lavoratori-diventare-imprenditori-AI67brD  
2025-12-05T00:32:08: [DEDUP] Duplicate link skipped: https://www.ilsole24ore.com/art/linkedin-l-intelligenza-artificiale-spinge-lavoratori-diventare-imprenditori-AI67brD  
2025-12-05T00:32:08: [DEDUP] Duplicate link skipped: https://www.ilsole24ore.com/art/linkedin-l-intelligenza-artificiale-spinge-lavoratori-diventare-imprenditori-AI67brD  
2025-12-05T00:32:08: [DEDUP] Duplicate link skipped: https://www.ilsole24ore.com/art/linkedin-l-intelligenza-artificiale-spinge-lavoratori-diventare-imprenditori-AI67brD  
2025-12-05T00:32:08: [DEDUP] Duplicate link skipped: https://www.ilsole24ore.com/art/linkedin-l-intelligenza-artificiale-spinge-lavoratori-diventare-imprenditori-AI67brD  
2025-12-05T00:32:08: [DEDUP] Duplicate link skipped: https://www.ilsole24ore.com/art/linkedin-l-intelligenza-artificiale-spinge-lavoratori-diventare-imprenditori-AI67brD  
2025-12-05T00:32:08: [DEDUP] Duplicate link skipped: https://www.ilsole24ore.com/art/linkedin-l-intelligenza-artificiale-spinge-lavoratori-diventare-imprenditori-AI67brD  
2025-12-05T00:32:08: [DEDUP] Duplicate link skipped: https://www.ilsole24ore.com/art/linkedin-l-intelligenza-artificiale-spinge-lavoratori-diventare-imprenditori-AI67brD  
2025-12-05T00:40:31: [DEDUP] Duplicate link skipped:   
2025-12-05T00:40:31: [DEDUP] Duplicate link skipped:   
2025-12-05T00:40:31: [DEDUP] Duplicate link skipped:   
2025-12-05T00:40:31: [DEDUP] Duplicate link skipped:   
2025-12-05T00:40:31: [DEDUP] Duplicate link skipped:   
2025-12-05T00:40:31: [DEDUP] Duplicate link skipped:   
2025-12-05T00:40:31: [DEDUP] Duplicate link skipped:   
2025-12-05T00:40:31: [DEDUP] Duplicate link skipped:   
2025-12-05T00:40:31: [DEDUP] Duplicate link skipped:   
2025-12-05T00:42:33: [DEDUP] Duplicate link skipped:   
2025-12-05T00:42:33: [DEDUP] Duplicate link skipped:   
2025-12-05T00:42:33: [DEDUP] Duplicate link skipped:   
2025-12-05T00:42:33: [DEDUP] Duplicate link skipped:   
2025-12-05T00:42:33: [DEDUP] Duplicate link skipped:   
2025-12-05T00:42:33: [DEDUP] Duplicate link skipped:   
2025-12-05T00:42:33: [DEDUP] Duplicate link skipped:   
2025-12-05T00:42:33: [DEDUP] Duplicate link skipped:   
2025-12-05T00:42:33: [DEDUP] Duplicate link skipped:   
2025-12-05T00:42:33: [DEDUP] Duplicate link skipped:   
2025-12-05T00:42:33: [DEDUP] Duplicate link skipped:   
2025-12-05T00:42:33: [DEDUP] Duplicate link skipped:   
2025-12-05T00:42:33: [DEDUP] Duplicate link skipped:   
2025-12-05T00:42:33: [DEDUP] Duplicate link skipped:   
2025-12-05T00:42:33: [DEDUP] Duplicate link skipped:   
2025-12-05T00:42:33: [DEDUP] Duplicate link skipped:   
2025-12-05T00:42:33: [DEDUP] Duplicate link skipped:   
2025-12-05T00:42:34: [DEDUP] Duplicate link skipped:   
2025-12-05T00:42:34: [DEDUP] Duplicate link skipped:   
2025-12-05T00:42:34: [DEDUP] Duplicate link skipped:   
2025-12-05T00:42:34: [DEDUP] Duplicate link skipped:   
2025-12-05T00:42:34: [DEDUP] Duplicate link skipped:   
2025-12-05T00:42:34: [DEDUP] Duplicate link skipped:   
2025-12-05T00:42:34: [DEDUP] Duplicate link skipped:   
2025-12-05T00:42:34: [DEDUP] Duplicate link skipped:   
2025-12-05T00:42:34: [DEDUP] Duplicate link skipped:   
2025-12-05T00:42:34: [DEDUP] Duplicate link skipped:   
2025-12-05T00:42:34: [DEDUP] Duplicate link skipped:   
2025-12-05T00:42:34: [DEDUP] Duplicate link skipped:   
2025-12-05T00:42:34: [DEDUP] Duplicate link skipped:   
2025-12-05T00:42:34: [DEDUP] Duplicate link skipped:   
2025-12-05T00:42:34: [DEDUP] Duplicate link skipped:   
2025-12-05T00:42:34: [DEDUP] Duplicate link skipped:   
2025-12-05T00:42:34: [DEDUP] Duplicate link skipped:   
2025-12-05T00:42:34: [DEDUP] Duplicate link skipped:   
2025-12-05T00:42:34: [DEDUP] Duplicate link skipped:   
2025-12-05T00:42:34: [DEDUP] Duplicate link skipped:   
2025-12-05T00:42:34: [DEDUP] Duplicate link skipped:   
2025-12-05T00:42:34: [DEDUP] Duplicate link skipped:   
2025-12-05T00:42:34: [DEDUP] Duplicate link skipped:   
2025-12-05T00:42:34: [DEDUP] Duplicate link skipped:   
2025-12-05T00:42:34: [DEDUP] Duplicate link skipped:   
2025-12-05T00:42:34: [DEDUP] Duplicate link skipped:   
2025-12-05T00:42:34: [DEDUP] Duplicate link skipped:   
2025-12-05T00:42:34: [DEDUP] Duplicate link skipped:   
2025-12-05T00:42:34: [DEDUP] Duplicate link skipped:   
2025-12-05T00:42:34: [DEDUP] Duplicate link skipped:   
2025-12-05T00:42:34: [DEDUP] Duplicate link skipped:   
2025-12-05T00:42:34: [DEDUP] Duplicate link skipped:   
2025-12-05T00:42:34: [DEDUP] Duplicate link skipped:   
2025-12-05T00:42:34: [DEDUP] Duplicate link skipped:   
2025-12-05T00:42:34: [DEDUP] Duplicate link skipped:   
2025-12-05T00:42:34: [DEDUP] Duplicate link skipped:   
2025-12-05T00:42:34: [DEDUP] Duplicate link skipped:   
2025-12-05T00:42:34: [DEDUP] Duplicate link skipped:   
2025-12-05T00:42:34: [DEDUP] Duplicate link skipped:   
2025-12-05T00:42:34: [DEDUP] Duplicate link skipped:   
2025-12-05T00:42:34: [DEDUP] Duplicate link skipped:   
2025-12-05T06:03:29: [DEDUP] Duplicate link skipped:   
2025-12-05T06:03:30: [DEDUP] Duplicate link skipped:   
2025-12-05T06:03:30: [DEDUP] Duplicate link skipped:   
2025-12-05T06:03:30: [DEDUP] Duplicate link skipped:   
2025-12-05T06:03:30: [DEDUP] Duplicate link skipped:   
2025-12-05T06:03:30: [DEDUP] Duplicate link skipped:   
2025-12-05T06:03:30: [DEDUP] Duplicate link skipped:   
2025-12-05T06:03:30: [DEDUP] Duplicate link skipped:   
2025-12-05T06:03:30: [DEDUP] Duplicate link skipped:   
2025-12-05T06:03:30: [DEDUP] Duplicate link skipped:   
2025-12-05T06:03:30: [DEDUP] Duplicate link skipped:   
2025-12-05T06:03:30: [DEDUP] Duplicate link skipped:   
2025-12-05T06:03:30: [DEDUP] Duplicate link skipped:   
2025-12-05T06:03:30: [DEDUP] Duplicate link skipped:   
2025-12-05T06:03:30: [DEDUP] Duplicate link skipped:   
2025-12-05T06:03:30: [DEDUP] Duplicate link skipped:   
2025-12-05T06:03:30: [DEDUP] Duplicate link skipped:   
2025-12-05T06:03:30: [DEDUP] Duplicate link skipped:   
2025-12-05T06:03:30: [DEDUP] Duplicate link skipped:   
2025-12-05T06:03:30: [DEDUP] Duplicate link skipped:   
2025-12-05T06:03:30: [DEDUP] Duplicate link skipped:   
2025-12-05T06:03:30: [DEDUP] Duplicate link skipped:   
2025-12-05T06:03:30: [DEDUP] Duplicate link skipped:   
2025-12-05T06:03:30: [DEDUP] Duplicate link skipped:   
2025-12-05T06:03:30: [DEDUP] Duplicate link skipped:   
2025-12-05T06:03:30: [DEDUP] Duplicate link skipped:   
2025-12-05T06:03:30: [DEDUP] Duplicate link skipped:   
2025-12-05T06:03:30: [DEDUP] Duplicate link skipped:   
2025-12-05T06:03:30: [DEDUP] Duplicate link skipped:   
2025-12-05T06:03:30: [DEDUP] Duplicate link skipped:   
2025-12-05T06:03:30: [DEDUP] Duplicate link skipped:   
2025-12-05T06:03:30: [DEDUP] Duplicate link skipped:   
2025-12-05T06:03:30: [DEDUP] Duplicate link skipped:   
2025-12-05T06:03:30: [DEDUP] Duplicate link skipped:   
2025-12-05T06:03:30: [DEDUP] Duplicate link skipped:   
2025-12-05T06:03:30: [DEDUP] Duplicate link skipped:   
2025-12-05T06:03:30: [DEDUP] Duplicate link skipped:   
2025-12-05T06:03:30: [DEDUP] Duplicate link skipped:   
2025-12-05T06:03:30: [DEDUP] Duplicate link skipped:   
2025-12-05T06:03:30: [DEDUP] Duplicate link skipped:   
2025-12-05T06:03:30: [DEDUP] Duplicate link skipped:   
2025-12-05T06:03:30: [DEDUP] Duplicate link skipped:   
2025-12-05T06:03:30: [DEDUP] Duplicate link skipped:   
2025-12-05T06:03:30: [DEDUP] Duplicate link skipped:   
2025-12-05T06:03:30: [DEDUP] Duplicate link skipped:   
2025-12-05T06:03:30: [DEDUP] Duplicate link skipped:   
2025-12-05T06:03:30: [DEDUP] Duplicate link skipped:   
2025-12-05T06:03:30: [DEDUP] Duplicate link skipped:   
2025-12-05T06:03:30: [DEDUP] Duplicate link skipped:   
2025-12-05T06:03:30: [DEDUP] Duplicate link skipped:   
2025-12-05T06:03:31: [DEDUP] Duplicate link skipped:   
2025-12-05T06:03:31: [DEDUP] Duplicate link skipped:   
2025-12-05T06:03:31: [DEDUP] Duplicate link skipped:   
2025-12-05T06:03:31: [DEDUP] Duplicate link skipped:   
2025-12-05T06:03:31: [DEDUP] Duplicate link skipped:   
2025-12-05T06:03:31: [DEDUP] Duplicate link skipped:   
2025-12-05T06:03:31: [DEDUP] Duplicate link skipped:   
2025-12-05T06:03:31: [DEDUP] Duplicate link skipped:   
2025-12-05T06:03:31: [DEDUP] Duplicate link skipped:   
2025-12-05T06:03:31: [DEDUP] Duplicate link skipped:   
2025-12-05T06:03:31: [DEDUP] Duplicate link skipped:   
2025-12-05T06:03:31: [DEDUP] Duplicate link skipped:   
2025-12-05T10:06:30: [DEDUP] Duplicate link skipped:   
2025-12-05T11:08:44:    ▲ Next.js 16.0.6
2025-12-05T11:08:44:    - Local:         http://localhost:3025
2025-12-05T11:08:44:    - Network:       http://193.203.190.63:3025
2025-12-05T11:08:44: 
2025-12-05T11:08:44:  ✓ Starting...
2025-12-05T11:08:45:  ✓ Ready in 1031ms
2025-12-05T11:08:53: [NEWS API] Received body: {
  "category": "final",
  "pillar": "final",
  "rank": 1,
  "title": "Final Test con Data",
  "summary": "Final test published_at",
  "why_relevant": "Final",
  "source": "Final",
  "link": "https://final-test-66666.com",
  "published_at": "2025-12-04T14:30:00.000Z"
}
2025-12-05T11:08:53: [NEWS API] published_at value: 2025-12-04T14:30:00.000Z
2025-12-05T11:08:53: [NEWS API] Parsed date: 2025-12-04T14:30:00.000Z isValid: true
2025-12-05T11:08:53: [NEWS API] Final publishedAt: 2025-12-04T14:30:00.000Z
2025-12-05T11:09:27:    ▲ Next.js 16.0.6
2025-12-05T11:09:27:    - Local:         http://localhost:3025
2025-12-05T11:09:27:    - Network:       http://193.203.190.63:3025
2025-12-05T11:09:27: 
2025-12-05T11:09:27:  ✓ Starting...
2025-12-05T11:09:27:  ✓ Ready in 523ms
2025-12-05T14:42:51:    ▲ Next.js 16.0.6
2025-12-05T14:42:51:    - Local:         http://localhost:3025
2025-12-05T14:42:51:    - Network:       http://193.203.190.63:3025
2025-12-05T14:42:51: 
2025-12-05T14:42:51:  ✓ Starting...
2025-12-05T14:42:51:  ✓ Ready in 826ms
2025-12-05T15:49:19:    ▲ Next.js 16.0.6
2025-12-05T15:49:19:    - Local:         http://localhost:3025
2025-12-05T15:49:19:    - Network:       http://193.203.190.63:3025
2025-12-05T15:49:19: 
2025-12-05T15:49:19:  ✓ Starting...
2025-12-05T15:49:20:  ✓ Ready in 868ms
2025-12-05T15:53:38:    ▲ Next.js 16.0.6
2025-12-05T15:53:38:    - Local:         http://localhost:3025
2025-12-05T15:53:38:    - Network:       http://193.203.190.63:3025
2025-12-05T15:53:38: 
2025-12-05T15:53:38:  ✓ Starting...
2025-12-05T15:53:38:  ✓ Ready in 568ms
